This is pdfTeX, Version 3.14159265-2.6-1.40.19 (MiKTeX 2.9.6930 64-bit) (preloaded format=pdflatex 2019.2.3)  20 JUN 2019 14:21
entering extended mode
**./main.tex
(main.tex
LaTeX2e <2018-12-01>
(C:\Users\Vickram\AppData\Roaming\MiKTeX\2.9\tex/latex/revtex\revtex4-1.cls
Document Class: revtex4-1 2010/07/25/20:33:00 4.1r (http://publish.aps.org/revt
ex4/ for documentation)
 Copyright (c) 2009 The American Physical Society.
 mailto:revtex@aps.org
 Licensed under the LPPL:
http://www.ctan.org/tex-archive/macros/latex/base/lppl.txt
 Arthur Ogawa <arthur_ogawa at sbcglobal dot net>
 Based on work by David Carlisle <david at dcarlisle.demon.co.uk>.
ltxutil[2010/07/25/20:33:00 4.1r utilities package (portions licensed from W. E
. Baxter web at superscript.com)]
LaTeX Info: Redefining \@centercr on input line 308.
Class revtex4-1 Info: Repairing broken LaTeX eqnarray on input line 358.
\eqncolsep=\skip41
Class revtex4-1 Info: Repairing hyperref-unfriendly LaTeX definition of \mpfoot
note on input line 433.
Class revtex4-1 Info: Repairing broken LateX \@sect on input line 755.
\intertabularlinepenalty=\count80
\@tbpen=\count81
\@arstrutbox@hline=\box27
Class revtex4-1 Info: Repairing broken LaTeX \@xbitor on input line 1786.
Class revtex4-1 Info: Making \typeout \long on input line 2046.
ltxfront[2010/07/25/20:33:00 4.1r frontmatter package (AO,DPC)]
\c@affil=\count82
\c@collab=\count83
\absbox=\box28
ltxgrid[2010/07/25/20:33:00 4.1r page grid package (portions licensed from W. E
. Baxter web at superscript.com)]
\c@linecount=\count84
\output@latex=\toks14
\box@size@1=\box29
\box@size@2=\box30
\@protection@box=\box31
\@topmark@saved=\toks15
\footins@saved=\box32
\footins@recovered=\box33
\column@recovered=\box34
\pagesofar=\box35
\footsofar=\box36
\pagegrid@col=\count85
Class revtex4-1 Info: Overriding \@vspace, \@vspacer, \@no@pgbk, \@newline, and
 \\  on input line 5578.
\c@part=\count86
\c@section=\count87
\c@subsection=\count88
\c@subsubsection=\count89
\c@paragraph=\count90
\c@subparagraph=\count91
\abovecaptionskip=\skip42
\belowcaptionskip=\skip43
\c@figure=\count92
\fbox@1=\box37
\c@table=\count93
\fbox@2=\box38
\c@video=\count94
\fbox@4=\box39
\@bibdataout=\write3
\widetext@top=\box40
\widetext@bot=\box41

Class revtex4-1 Warning: No Society specified, using default society aps.

(C:\Users\Vickram\AppData\Roaming\MiKTeX\2.9\tex/latex/revtex\aps4-1.rtx
File: aps4-1 2010/07/25/20:33:00 4.1r (http://publish.aps.org/revtex4/ for docu
mentation)
Class revtex4-1 Info: RevTeX society APS selected on input line 31.
)

Class revtex4-1 Warning: No journal specified, using default pra.

Class revtex4-1 Info: APS journal PRA selected on input line 7545.

Class revtex4-1 Warning: No type size specified, using default 10.

(C:\Users\Vickram\AppData\Roaming\MiKTeX\2.9\tex/latex/revtex\aps10pt4-1.rtx
File: aps10pt4-1 2010/07/25/20:33:00 4.1r (http://publish.aps.org/revtex4/ for 
documentation)
Class revtex4-1 Info: RevTeX pointsize 10pt selected on input line 30.
)
(C:\Users\Vickram\AppData\Roaming\MiKTeX\2.9\tex/latex/textcase\textcase.sty
Package: textcase 2004/10/07 v0.07 Text only upper/lower case changing (DPC)
)
(C:\Users\Vickram\AppData\Roaming\MiKTeX\2.9\tex/latex/url\url.sty
\Urlmuskip=\muskip10
Package: url 2013/09/16  ver 3.4  Verb mode for urls, etc.
)
("C:\Program Files\MiKTeX 2.9\tex/latex/natbib\natbib.sty"
Package: natbib 2010/09/13 8.31b (PWD, AO)
\bibhang=\skip44
\bibsep=\skip45
LaTeX Info: Redefining \cite on input line 694.
\c@NAT@ctr=\count95
)
Class revtex4-1 Info: Repairing natbib's \BibitemShut on input line 7549.

(C:\Users\Vickram\AppData\Roaming\MiKTeX\2.9\tex/latex/revtex\revsymb4-1.sty
Package: revsymb4-1 2010/07/25/20:33:00 4.1r (http://publish.aps.org/revtex4/ f
or documentation)
LaTeX Info: Redefining \REV@mathfrak on input line 119.
))
("C:\Program Files\MiKTeX 2.9\tex/latex/base\fontenc.sty"
Package: fontenc 2018/08/11 v2.0j Standard LaTeX package

("C:\Program Files\MiKTeX 2.9\tex/latex/base\t1enc.def"
File: t1enc.def 2018/08/11 v2.0j Standard LaTeX file
LaTeX Font Info:    Redeclaring font encoding T1 on input line 48.
))
("C:\Program Files\MiKTeX 2.9\tex/generic/babel\babel.sty"
Package: babel 2018/11/13 3.27 The Babel package

("C:\Program Files\MiKTeX 2.9\tex/generic/babel\switch.def"
File: switch.def 2018/11/13 3.27 Babel switching mechanism
)
*************************************
* Local config file bblopts.cfg used
*
(C:\Users\Vickram\AppData\Roaming\MiKTeX\2.9\tex/latex/arabi\bblopts.cfg
File: bblopts.cfg 2005/09/08 v0.1 add Arabic and Farsi to "declared" options of
 babel
)
("C:\Program Files\MiKTeX 2.9\tex/latex/babel-english\english.ldf"
Language: english 2017/06/06 v3.3r English support from the babel system

("C:\Program Files\MiKTeX 2.9\tex/generic/babel\babel.def"
File: babel.def 2018/11/13 3.27 Babel common definitions
\babel@savecnt=\count96
\U@D=\dimen102

("C:\Program Files\MiKTeX 2.9\tex/generic/babel\txtbabel.def")
\bbl@dirlevel=\count97
)
\l@canadian = a dialect from \language\l@american 
\l@australian = a dialect from \language\l@british 
\l@newzealand = a dialect from \language\l@british 
))
("C:\Program Files\MiKTeX 2.9\tex/latex/amsmath\amsmath.sty"
Package: amsmath 2018/12/01 v2.17b AMS math features
\@mathmargin=\skip46

For additional information on amsmath, use the `?' option.
("C:\Program Files\MiKTeX 2.9\tex/latex/amsmath\amstext.sty"
Package: amstext 2000/06/29 v2.01 AMS text

("C:\Program Files\MiKTeX 2.9\tex/latex/amsmath\amsgen.sty"
File: amsgen.sty 1999/11/30 v2.0 generic functions
\@emptytoks=\toks16
\ex@=\dimen103
)
LaTeX Info: Redefining \text on input line 28.
)
("C:\Program Files\MiKTeX 2.9\tex/latex/amsmath\amsbsy.sty"
Package: amsbsy 1999/11/29 v1.2d Bold Symbols
\pmbraise@=\dimen104
)
("C:\Program Files\MiKTeX 2.9\tex/latex/amsmath\amsopn.sty"
Package: amsopn 2016/03/08 v2.02 operator names
)
\inf@bad=\count98
LaTeX Info: Redefining \frac on input line 223.
\uproot@=\count99
\leftroot@=\count100
LaTeX Info: Redefining \overline on input line 385.
\classnum@=\count101
\DOTSCASE@=\count102
LaTeX Info: Redefining \ldots on input line 482.
LaTeX Info: Redefining \dots on input line 485.
LaTeX Info: Redefining \cdots on input line 606.
\Mathstrutbox@=\box42
\strutbox@=\box43
\big@size=\dimen105
LaTeX Font Info:    Redeclaring font encoding OML on input line 729.
LaTeX Font Info:    Redeclaring font encoding OMS on input line 730.
\macc@depth=\count103
\c@MaxMatrixCols=\count104
\dotsspace@=\muskip11
\c@parentequation=\count105
\dspbrk@lvl=\count106
\tag@help=\toks17
\row@=\count107
\column@=\count108
\maxfields@=\count109
\andhelp@=\toks18
\eqnshift@=\dimen106
\alignsep@=\dimen107
\tagshift@=\dimen108
\tagwidth@=\dimen109
\totwidth@=\dimen110
\lineht@=\dimen111
\@envbody=\toks19
\multlinegap=\skip47
\multlinetaggap=\skip48
\mathdisplay@stack=\toks20
LaTeX Info: Redefining \[ on input line 2844.
LaTeX Info: Redefining \] on input line 2845.
)
("C:\Program Files\MiKTeX 2.9\tex/latex/amsfonts\amsfonts.sty"
Package: amsfonts 2013/01/14 v3.01 Basic AMSFonts support
\symAMSa=\mathgroup4
\symAMSb=\mathgroup5
LaTeX Font Info:    Overwriting math alphabet `\mathfrak' in version `bold'
(Font)                  U/euf/m/n --> U/euf/b/n on input line 106.
LaTeX Info: Redefining \frak on input line 111.
LaTeX Info: Redefining \Bbb on input line 113.
)
("C:\Program Files\MiKTeX 2.9\tex/latex/amscls\amsthm.sty"
Package: amsthm 2017/10/31 v2.20.4
\thm@style=\toks21
\thm@bodyfont=\toks22
\thm@headfont=\toks23
\thm@notefont=\toks24
\thm@headpunct=\toks25
\thm@preskip=\skip49
\thm@postskip=\skip50
\thm@headsep=\skip51
\dth@everypar=\toks26
)
("C:\Program Files\MiKTeX 2.9\tex/latex/graphics\graphicx.sty"
Package: graphicx 2017/06/01 v1.1a Enhanced LaTeX Graphics (DPC,SPQR)

("C:\Program Files\MiKTeX 2.9\tex/latex/graphics\keyval.sty"
Package: keyval 2014/10/28 v1.15 key=value parser (DPC)
\KV@toks@=\toks27
)
("C:\Program Files\MiKTeX 2.9\tex/latex/graphics\graphics.sty"
Package: graphics 2017/06/25 v1.2c Standard LaTeX Graphics (DPC,SPQR)

("C:\Program Files\MiKTeX 2.9\tex/latex/graphics\trig.sty"
Package: trig 2016/01/03 v1.10 sin cos tan (DPC)
)
("C:\Program Files\MiKTeX 2.9\tex/latex/graphics-cfg\graphics.cfg"
File: graphics.cfg 2016/06/04 v1.11 sample graphics configuration
)
Package graphics Info: Driver file: pdftex.def on input line 99.

("C:\Program Files\MiKTeX 2.9\tex/latex/graphics-def\pdftex.def"
File: pdftex.def 2018/01/08 v1.0l Graphics/color driver for pdftex
))
\Gin@req@height=\dimen112
\Gin@req@width=\dimen113
)
(C:\Users\Vickram\AppData\Roaming\MiKTeX\2.9\tex/latex/booktabs\booktabs.sty
Package: booktabs 2005/04/14 v1.61803 publication quality tables
\heavyrulewidth=\dimen114
\lightrulewidth=\dimen115
\cmidrulewidth=\dimen116
\belowrulesep=\dimen117
\belowbottomsep=\dimen118
\aboverulesep=\dimen119
\abovetopsep=\dimen120
\cmidrulesep=\dimen121
\cmidrulekern=\dimen122
\defaultaddspace=\dimen123
\@cmidla=\count110
\@cmidlb=\count111
\@aboverulesep=\dimen124
\@belowrulesep=\dimen125
\@thisruleclass=\count112
\@lastruleclass=\count113
\@thisrulewidth=\dimen126
)
(C:\Users\Vickram\AppData\Roaming\MiKTeX\2.9\tex/latex/xcolor\xcolor.sty
Package: xcolor 2016/05/11 v2.12 LaTeX color extensions (UK)

("C:\Program Files\MiKTeX 2.9\tex/latex/graphics-cfg\color.cfg"
File: color.cfg 2016/01/02 v1.6 sample color configuration
)
Package xcolor Info: Driver file: pdftex.def on input line 225.
Package xcolor Info: Model `cmy' substituted by `cmy0' on input line 1348.
Package xcolor Info: Model `hsb' substituted by `rgb' on input line 1352.
Package xcolor Info: Model `RGB' extended on input line 1364.
Package xcolor Info: Model `HTML' substituted by `rgb' on input line 1366.
Package xcolor Info: Model `Hsb' substituted by `hsb' on input line 1367.
Package xcolor Info: Model `tHsb' substituted by `hsb' on input line 1368.
Package xcolor Info: Model `HSB' substituted by `hsb' on input line 1369.
Package xcolor Info: Model `Gray' substituted by `gray' on input line 1370.
Package xcolor Info: Model `wave' substituted by `hsb' on input line 1371.
)
(C:\Users\Vickram\AppData\Roaming\MiKTeX\2.9\tex/latex/pgfplots\pgfplots.sty
(C:\Users\Vickram\AppData\Roaming\MiKTeX\2.9\tex/generic/pgfplots\pgfplots.revi
sion.tex)
Package: pgfplots 2018/03/28 v1.16 Data Visualization (1.16)

(C:\Users\Vickram\AppData\Roaming\MiKTeX\2.9\tex/latex/pgf/frontendlayer\tikz.s
ty
(C:\Users\Vickram\AppData\Roaming\MiKTeX\2.9\tex/latex/pgf/basiclayer\pgf.sty
(C:\Users\Vickram\AppData\Roaming\MiKTeX\2.9\tex/latex/pgf/utilities\pgfrcs.sty

(C:\Users\Vickram\AppData\Roaming\MiKTeX\2.9\tex/generic/pgf/utilities\pgfutil-
common.tex
\pgfutil@everybye=\toks28
\pgfutil@tempdima=\dimen127
\pgfutil@tempdimb=\dimen128

(C:\Users\Vickram\AppData\Roaming\MiKTeX\2.9\tex/generic/pgf/utilities\pgfutil-
common-lists.tex))
(C:\Users\Vickram\AppData\Roaming\MiKTeX\2.9\tex/generic/pgf/utilities\pgfutil-
latex.def
\pgfutil@abb=\box44

(C:\Users\Vickram\AppData\Roaming\MiKTeX\2.9\tex/latex/ms\everyshi.sty
Package: everyshi 2001/05/15 v3.00 EveryShipout Package (MS)
))
(C:\Users\Vickram\AppData\Roaming\MiKTeX\2.9\tex/generic/pgf/utilities\pgfrcs.c
ode.tex
(C:\Users\Vickram\AppData\Roaming\MiKTeX\2.9\tex/generic/pgf\pgf.revision.tex)
Package: pgfrcs 2019/05/09 v3.1.3 (3.1.3)
))
Package: pgf 2019/05/09 v3.1.3 (3.1.3)

(C:\Users\Vickram\AppData\Roaming\MiKTeX\2.9\tex/latex/pgf/basiclayer\pgfcore.s
ty
(C:\Users\Vickram\AppData\Roaming\MiKTeX\2.9\tex/latex/pgf/systemlayer\pgfsys.s
ty
(C:\Users\Vickram\AppData\Roaming\MiKTeX\2.9\tex/generic/pgf/systemlayer\pgfsys
.code.tex
Package: pgfsys 2019/05/09 v3.1.3 (3.1.3)

(C:\Users\Vickram\AppData\Roaming\MiKTeX\2.9\tex/generic/pgf/utilities\pgfkeys.
code.tex
\pgfkeys@pathtoks=\toks29
\pgfkeys@temptoks=\toks30

(C:\Users\Vickram\AppData\Roaming\MiKTeX\2.9\tex/generic/pgf/utilities\pgfkeysf
iltered.code.tex
\pgfkeys@tmptoks=\toks31
))
\pgf@x=\dimen129
\pgf@y=\dimen130
\pgf@xa=\dimen131
\pgf@ya=\dimen132
\pgf@xb=\dimen133
\pgf@yb=\dimen134
\pgf@xc=\dimen135
\pgf@yc=\dimen136
\pgf@xd=\dimen137
\pgf@yd=\dimen138
\w@pgf@writea=\write4
\r@pgf@reada=\read1
\c@pgf@counta=\count114
\c@pgf@countb=\count115
\c@pgf@countc=\count116
\c@pgf@countd=\count117
\t@pgf@toka=\toks32
\t@pgf@tokb=\toks33
\t@pgf@tokc=\toks34
\pgf@sys@id@count=\count118

(C:\Users\Vickram\AppData\Roaming\MiKTeX\2.9\tex/generic/pgf/systemlayer\pgf.cf
g
File: pgf.cfg 2019/05/09 v3.1.3 (3.1.3)
)
Driver file for pgf: pgfsys-pdftex.def

(C:\Users\Vickram\AppData\Roaming\MiKTeX\2.9\tex/generic/pgf/systemlayer\pgfsys
-pdftex.def
File: pgfsys-pdftex.def 2019/05/09 v3.1.3 (3.1.3)

(C:\Users\Vickram\AppData\Roaming\MiKTeX\2.9\tex/generic/pgf/systemlayer\pgfsys
-common-pdf.def
File: pgfsys-common-pdf.def 2019/05/09 v3.1.3 (3.1.3)
)))
(C:\Users\Vickram\AppData\Roaming\MiKTeX\2.9\tex/generic/pgf/systemlayer\pgfsys
softpath.code.tex
File: pgfsyssoftpath.code.tex 2019/05/09 v3.1.3 (3.1.3)
\pgfsyssoftpath@smallbuffer@items=\count119
\pgfsyssoftpath@bigbuffer@items=\count120
)
(C:\Users\Vickram\AppData\Roaming\MiKTeX\2.9\tex/generic/pgf/systemlayer\pgfsys
protocol.code.tex
File: pgfsysprotocol.code.tex 2019/05/09 v3.1.3 (3.1.3)
))
(C:\Users\Vickram\AppData\Roaming\MiKTeX\2.9\tex/generic/pgf/basiclayer\pgfcore
.code.tex
Package: pgfcore 2019/05/09 v3.1.3 (3.1.3)

(C:\Users\Vickram\AppData\Roaming\MiKTeX\2.9\tex/generic/pgf/math\pgfmath.code.
tex
(C:\Users\Vickram\AppData\Roaming\MiKTeX\2.9\tex/generic/pgf/math\pgfmathcalc.c
ode.tex
(C:\Users\Vickram\AppData\Roaming\MiKTeX\2.9\tex/generic/pgf/math\pgfmathutil.c
ode.tex)
(C:\Users\Vickram\AppData\Roaming\MiKTeX\2.9\tex/generic/pgf/math\pgfmathparser
.code.tex
\pgfmath@dimen=\dimen139
\pgfmath@count=\count121
\pgfmath@box=\box45
\pgfmath@toks=\toks35
\pgfmath@stack@operand=\toks36
\pgfmath@stack@operation=\toks37
)
(C:\Users\Vickram\AppData\Roaming\MiKTeX\2.9\tex/generic/pgf/math\pgfmathfuncti
ons.code.tex
(C:\Users\Vickram\AppData\Roaming\MiKTeX\2.9\tex/generic/pgf/math\pgfmathfuncti
ons.basic.code.tex)
(C:\Users\Vickram\AppData\Roaming\MiKTeX\2.9\tex/generic/pgf/math\pgfmathfuncti
ons.trigonometric.code.tex)
(C:\Users\Vickram\AppData\Roaming\MiKTeX\2.9\tex/generic/pgf/math\pgfmathfuncti
ons.random.code.tex)
(C:\Users\Vickram\AppData\Roaming\MiKTeX\2.9\tex/generic/pgf/math\pgfmathfuncti
ons.comparison.code.tex)
(C:\Users\Vickram\AppData\Roaming\MiKTeX\2.9\tex/generic/pgf/math\pgfmathfuncti
ons.base.code.tex)
(C:\Users\Vickram\AppData\Roaming\MiKTeX\2.9\tex/generic/pgf/math\pgfmathfuncti
ons.round.code.tex)
(C:\Users\Vickram\AppData\Roaming\MiKTeX\2.9\tex/generic/pgf/math\pgfmathfuncti
ons.misc.code.tex)
(C:\Users\Vickram\AppData\Roaming\MiKTeX\2.9\tex/generic/pgf/math\pgfmathfuncti
ons.integerarithmetics.code.tex)))
(C:\Users\Vickram\AppData\Roaming\MiKTeX\2.9\tex/generic/pgf/math\pgfmathfloat.
code.tex
\c@pgfmathroundto@lastzeros=\count122
))
(C:\Users\Vickram\AppData\Roaming\MiKTeX\2.9\tex/generic/pgf/math\pgfint.code.t
ex)
(C:\Users\Vickram\AppData\Roaming\MiKTeX\2.9\tex/generic/pgf/basiclayer\pgfcore
points.code.tex
File: pgfcorepoints.code.tex 2019/05/09 v3.1.3 (3.1.3)
\pgf@picminx=\dimen140
\pgf@picmaxx=\dimen141
\pgf@picminy=\dimen142
\pgf@picmaxy=\dimen143
\pgf@pathminx=\dimen144
\pgf@pathmaxx=\dimen145
\pgf@pathminy=\dimen146
\pgf@pathmaxy=\dimen147
\pgf@xx=\dimen148
\pgf@xy=\dimen149
\pgf@yx=\dimen150
\pgf@yy=\dimen151
\pgf@zx=\dimen152
\pgf@zy=\dimen153
)
(C:\Users\Vickram\AppData\Roaming\MiKTeX\2.9\tex/generic/pgf/basiclayer\pgfcore
pathconstruct.code.tex
File: pgfcorepathconstruct.code.tex 2019/05/09 v3.1.3 (3.1.3)
\pgf@path@lastx=\dimen154
\pgf@path@lasty=\dimen155
)
(C:\Users\Vickram\AppData\Roaming\MiKTeX\2.9\tex/generic/pgf/basiclayer\pgfcore
pathusage.code.tex
File: pgfcorepathusage.code.tex 2019/05/09 v3.1.3 (3.1.3)
\pgf@shorten@end@additional=\dimen156
\pgf@shorten@start@additional=\dimen157
)
(C:\Users\Vickram\AppData\Roaming\MiKTeX\2.9\tex/generic/pgf/basiclayer\pgfcore
scopes.code.tex
File: pgfcorescopes.code.tex 2019/05/09 v3.1.3 (3.1.3)
\pgfpic=\box46
\pgf@hbox=\box47
\pgf@layerbox@main=\box48
\pgf@picture@serial@count=\count123
)
(C:\Users\Vickram\AppData\Roaming\MiKTeX\2.9\tex/generic/pgf/basiclayer\pgfcore
graphicstate.code.tex
File: pgfcoregraphicstate.code.tex 2019/05/09 v3.1.3 (3.1.3)
\pgflinewidth=\dimen158
)
(C:\Users\Vickram\AppData\Roaming\MiKTeX\2.9\tex/generic/pgf/basiclayer\pgfcore
transformations.code.tex
File: pgfcoretransformations.code.tex 2019/05/09 v3.1.3 (3.1.3)
\pgf@pt@x=\dimen159
\pgf@pt@y=\dimen160
\pgf@pt@temp=\dimen161
)
(C:\Users\Vickram\AppData\Roaming\MiKTeX\2.9\tex/generic/pgf/basiclayer\pgfcore
quick.code.tex
File: pgfcorequick.code.tex 2019/05/09 v3.1.3 (3.1.3)
)
(C:\Users\Vickram\AppData\Roaming\MiKTeX\2.9\tex/generic/pgf/basiclayer\pgfcore
objects.code.tex
File: pgfcoreobjects.code.tex 2019/05/09 v3.1.3 (3.1.3)
)
(C:\Users\Vickram\AppData\Roaming\MiKTeX\2.9\tex/generic/pgf/basiclayer\pgfcore
pathprocessing.code.tex
File: pgfcorepathprocessing.code.tex 2019/05/09 v3.1.3 (3.1.3)
)
(C:\Users\Vickram\AppData\Roaming\MiKTeX\2.9\tex/generic/pgf/basiclayer\pgfcore
arrows.code.tex
File: pgfcorearrows.code.tex 2019/05/09 v3.1.3 (3.1.3)
\pgfarrowsep=\dimen162
)
(C:\Users\Vickram\AppData\Roaming\MiKTeX\2.9\tex/generic/pgf/basiclayer\pgfcore
shade.code.tex
File: pgfcoreshade.code.tex 2019/05/09 v3.1.3 (3.1.3)
\pgf@max=\dimen163
\pgf@sys@shading@range@num=\count124
\pgf@shadingcount=\count125
)
(C:\Users\Vickram\AppData\Roaming\MiKTeX\2.9\tex/generic/pgf/basiclayer\pgfcore
image.code.tex
File: pgfcoreimage.code.tex 2019/05/09 v3.1.3 (3.1.3)

(C:\Users\Vickram\AppData\Roaming\MiKTeX\2.9\tex/generic/pgf/basiclayer\pgfcore
external.code.tex
File: pgfcoreexternal.code.tex 2019/05/09 v3.1.3 (3.1.3)
\pgfexternal@startupbox=\box49
))
(C:\Users\Vickram\AppData\Roaming\MiKTeX\2.9\tex/generic/pgf/basiclayer\pgfcore
layers.code.tex
File: pgfcorelayers.code.tex 2019/05/09 v3.1.3 (3.1.3)
)
(C:\Users\Vickram\AppData\Roaming\MiKTeX\2.9\tex/generic/pgf/basiclayer\pgfcore
transparency.code.tex
File: pgfcoretransparency.code.tex 2019/05/09 v3.1.3 (3.1.3)
)
(C:\Users\Vickram\AppData\Roaming\MiKTeX\2.9\tex/generic/pgf/basiclayer\pgfcore
patterns.code.tex
File: pgfcorepatterns.code.tex 2019/05/09 v3.1.3 (3.1.3)
)
(C:\Users\Vickram\AppData\Roaming\MiKTeX\2.9\tex/generic/pgf/basiclayer\pgfcore
rdf.code.tex
File: pgfcorerdf.code.tex 2019/05/09 v3.1.3 (3.1.3)
)))
(C:\Users\Vickram\AppData\Roaming\MiKTeX\2.9\tex/generic/pgf/modules\pgfmodules
hapes.code.tex
File: pgfmoduleshapes.code.tex 2019/05/09 v3.1.3 (3.1.3)
\pgfnodeparttextbox=\box50
)
(C:\Users\Vickram\AppData\Roaming\MiKTeX\2.9\tex/generic/pgf/modules\pgfmodulep
lot.code.tex
File: pgfmoduleplot.code.tex 2019/05/09 v3.1.3 (3.1.3)
)
(C:\Users\Vickram\AppData\Roaming\MiKTeX\2.9\tex/latex/pgf/compatibility\pgfcom
p-version-0-65.sty
Package: pgfcomp-version-0-65 2019/05/09 v3.1.3 (3.1.3)
\pgf@nodesepstart=\dimen164
\pgf@nodesepend=\dimen165
)
(C:\Users\Vickram\AppData\Roaming\MiKTeX\2.9\tex/latex/pgf/compatibility\pgfcom
p-version-1-18.sty
Package: pgfcomp-version-1-18 2019/05/09 v3.1.3 (3.1.3)
))
(C:\Users\Vickram\AppData\Roaming\MiKTeX\2.9\tex/latex/pgf/utilities\pgffor.sty

(C:\Users\Vickram\AppData\Roaming\MiKTeX\2.9\tex/latex/pgf/utilities\pgfkeys.st
y
(C:\Users\Vickram\AppData\Roaming\MiKTeX\2.9\tex/generic/pgf/utilities\pgfkeys.
code.tex))
(C:\Users\Vickram\AppData\Roaming\MiKTeX\2.9\tex/latex/pgf/math\pgfmath.sty
(C:\Users\Vickram\AppData\Roaming\MiKTeX\2.9\tex/generic/pgf/math\pgfmath.code.
tex))
(C:\Users\Vickram\AppData\Roaming\MiKTeX\2.9\tex/generic/pgf/utilities\pgffor.c
ode.tex
Package: pgffor 2019/05/09 v3.1.3 (3.1.3)

(C:\Users\Vickram\AppData\Roaming\MiKTeX\2.9\tex/generic/pgf/math\pgfmath.code.
tex)
\pgffor@iter=\dimen166
\pgffor@skip=\dimen167
\pgffor@stack=\toks38
\pgffor@toks=\toks39
))
(C:\Users\Vickram\AppData\Roaming\MiKTeX\2.9\tex/generic/pgf/frontendlayer/tikz
\tikz.code.tex
Package: tikz 2019/05/09 v3.1.3 (3.1.3)

(C:\Users\Vickram\AppData\Roaming\MiKTeX\2.9\tex/generic/pgf/libraries\pgflibra
ryplothandlers.code.tex
File: pgflibraryplothandlers.code.tex 2019/05/09 v3.1.3 (3.1.3)
\pgf@plot@mark@count=\count126
\pgfplotmarksize=\dimen168
)
\tikz@lastx=\dimen169
\tikz@lasty=\dimen170
\tikz@lastxsaved=\dimen171
\tikz@lastysaved=\dimen172
\tikzleveldistance=\dimen173
\tikzsiblingdistance=\dimen174
\tikz@figbox=\box51
\tikz@figbox@bg=\box52
\tikz@tempbox=\box53
\tikz@tempbox@bg=\box54
\tikztreelevel=\count127
\tikznumberofchildren=\count128
\tikznumberofcurrentchild=\count129
\tikz@fig@count=\count130

(C:\Users\Vickram\AppData\Roaming\MiKTeX\2.9\tex/generic/pgf/modules\pgfmodulem
atrix.code.tex
File: pgfmodulematrix.code.tex 2019/05/09 v3.1.3 (3.1.3)
\pgfmatrixcurrentrow=\count131
\pgfmatrixcurrentcolumn=\count132
\pgf@matrix@numberofcolumns=\count133
)
\tikz@expandcount=\count134

(C:\Users\Vickram\AppData\Roaming\MiKTeX\2.9\tex/generic/pgf/frontendlayer/tikz
/libraries\tikzlibrarytopaths.code.tex
File: tikzlibrarytopaths.code.tex 2019/05/09 v3.1.3 (3.1.3)
)))
(C:\Users\Vickram\AppData\Roaming\MiKTeX\2.9\tex/generic/pgfplots\pgfplots.code
.tex
(C:\Users\Vickram\AppData\Roaming\MiKTeX\2.9\tex/generic/pgfplots\pgfplotscore.
code.tex
\t@pgfplots@toka=\toks40
\t@pgfplots@tokb=\toks41
\t@pgfplots@tokc=\toks42
\pgfplots@tmpa=\dimen175
\c@pgfplots@coordindex=\count135
\c@pgfplots@scanlineindex=\count136

(C:\Users\Vickram\AppData\Roaming\MiKTeX\2.9\tex/generic/pgfplots/sys\pgfplotss
ysgeneric.code.tex))
(C:\Users\Vickram\AppData\Roaming\MiKTeX\2.9\tex/generic/pgfplots/libs\pgfplots
library.code.tex)
(C:\Users\Vickram\AppData\Roaming\MiKTeX\2.9\tex/generic/pgfplots/oldpgfcompati
b\pgfplotsoldpgfsupp_loader.code.tex
(C:\Users\Vickram\AppData\Roaming\MiKTeX\2.9\tex/generic/pgf/libraries\pgflibra
ryfpu.code.tex)
Package pgfplots: loading complementary arithmetics for your pgf version...

(C:\Users\Vickram\AppData\Roaming\MiKTeX\2.9\tex/generic/pgfplots/oldpgfcompati
b\pgfplotsoldpgfsupp_pgflibraryfpu.code.tex)
(C:\Users\Vickram\AppData\Roaming\MiKTeX\2.9\tex/generic/pgfplots/oldpgfcompati
b\pgfplotsoldpgfsupp_pgfmathfloat.code.tex
\c@pgfmathroundto@lastzeros=\count137
))
(C:\Users\Vickram\AppData\Roaming\MiKTeX\2.9\tex/generic/pgfplots/util\pgfplots
util.code.tex
(C:\Users\Vickram\AppData\Roaming\MiKTeX\2.9\tex/generic/pgfplots/liststructure
\pgfplotsliststructure.code.tex)
(C:\Users\Vickram\AppData\Roaming\MiKTeX\2.9\tex/generic/pgfplots/liststructure
\pgfplotsliststructureext.code.tex)
(C:\Users\Vickram\AppData\Roaming\MiKTeX\2.9\tex/generic/pgfplots/liststructure
\pgfplotsarray.code.tex
\c@pgfplotsarray@tmp=\count138
)
(C:\Users\Vickram\AppData\Roaming\MiKTeX\2.9\tex/generic/pgfplots/liststructure
\pgfplotsmatrix.code.tex)
(C:\Users\Vickram\AppData\Roaming\MiKTeX\2.9\tex/generic/pgfplots/numtable\pgfp
lotstableshared.code.tex
\c@pgfplotstable@counta=\count139
\t@pgfplotstable@a=\toks43
)
(C:\Users\Vickram\AppData\Roaming\MiKTeX\2.9\tex/generic/pgfplots/liststructure
\pgfplotsdeque.code.tex)
(C:\Users\Vickram\AppData\Roaming\MiKTeX\2.9\tex/generic/pgfplots/util\pgfplots
binary.code.tex
(C:\Users\Vickram\AppData\Roaming\MiKTeX\2.9\tex/generic/pgfplots/util\pgfplots
binary.data.code.tex))
(C:\Users\Vickram\AppData\Roaming\MiKTeX\2.9\tex/generic/pgfplots/util\pgfplots
util.verb.code.tex)
(C:\Users\Vickram\AppData\Roaming\MiKTeX\2.9\tex/generic/pgfplots/libs\pgflibra
rypgfplots.surfshading.code.tex
\c@pgfplotslibrarysurf@no=\count140

(C:\Users\Vickram\AppData\Roaming\MiKTeX\2.9\tex/generic/pgfplots/sys\pgflibrar
ypgfplots.surfshading.pgfsys-pdftex.def)))
(C:\Users\Vickram\AppData\Roaming\MiKTeX\2.9\tex/generic/pgfplots/util\pgfplots
colormap.code.tex
(C:\Users\Vickram\AppData\Roaming\MiKTeX\2.9\tex/generic/pgfplots/util\pgfplots
color.code.tex))
(C:\Users\Vickram\AppData\Roaming\MiKTeX\2.9\tex/generic/pgfplots\pgfplotsstack
edplots.code.tex)
(C:\Users\Vickram\AppData\Roaming\MiKTeX\2.9\tex/generic/pgfplots\pgfplotsploth
andlers.code.tex
(C:\Users\Vickram\AppData\Roaming\MiKTeX\2.9\tex/generic/pgfplots\pgfplotsmeshp
lothandler.code.tex
(C:\Users\Vickram\AppData\Roaming\MiKTeX\2.9\tex/generic/pgfplots\pgfplotsmeshp
lotimage.code.tex)))
(C:\Users\Vickram\AppData\Roaming\MiKTeX\2.9\tex/generic/pgfplots\pgfplots.scal
ing.code.tex)
(C:\Users\Vickram\AppData\Roaming\MiKTeX\2.9\tex/generic/pgfplots\pgfplotscoord
processing.code.tex)
(C:\Users\Vickram\AppData\Roaming\MiKTeX\2.9\tex/generic/pgfplots\pgfplots.erro
rbars.code.tex)
(C:\Users\Vickram\AppData\Roaming\MiKTeX\2.9\tex/generic/pgfplots\pgfplots.mark
ers.code.tex)
(C:\Users\Vickram\AppData\Roaming\MiKTeX\2.9\tex/generic/pgfplots\pgfplotsticks
.code.tex)
(C:\Users\Vickram\AppData\Roaming\MiKTeX\2.9\tex/generic/pgfplots\pgfplots.path
s.code.tex)
(C:\Users\Vickram\AppData\Roaming\MiKTeX\2.9\tex/generic/pgf/frontendlayer/tikz
/libraries\tikzlibrarydecorations.code.tex
(C:\Users\Vickram\AppData\Roaming\MiKTeX\2.9\tex/generic/pgf/modules\pgfmoduled
ecorations.code.tex
\pgfdecoratedcompleteddistance=\dimen176
\pgfdecoratedremainingdistance=\dimen177
\pgfdecoratedinputsegmentcompleteddistance=\dimen178
\pgfdecoratedinputsegmentremainingdistance=\dimen179
\pgf@decorate@distancetomove=\dimen180
\pgf@decorate@repeatstate=\count141
\pgfdecorationsegmentamplitude=\dimen181
\pgfdecorationsegmentlength=\dimen182
)
\tikz@lib@dec@box=\box55
)
(C:\Users\Vickram\AppData\Roaming\MiKTeX\2.9\tex/generic/pgf/frontendlayer/tikz
/libraries\tikzlibrarydecorations.pathmorphing.code.tex
(C:\Users\Vickram\AppData\Roaming\MiKTeX\2.9\tex/generic/pgf/libraries/decorati
ons\pgflibrarydecorations.pathmorphing.code.tex))
(C:\Users\Vickram\AppData\Roaming\MiKTeX\2.9\tex/generic/pgf/frontendlayer/tikz
/libraries\tikzlibrarydecorations.pathreplacing.code.tex
(C:\Users\Vickram\AppData\Roaming\MiKTeX\2.9\tex/generic/pgf/libraries/decorati
ons\pgflibrarydecorations.pathreplacing.code.tex))
\pgfplots@numplots=\count142
\pgfplots@xmin@reg=\dimen183
\pgfplots@xmax@reg=\dimen184
\pgfplots@ymin@reg=\dimen185
\pgfplots@ymax@reg=\dimen186
\pgfplots@zmin@reg=\dimen187
\pgfplots@zmax@reg=\dimen188
)
(C:\Users\Vickram\AppData\Roaming\MiKTeX\2.9\tex/generic/pgf/frontendlayer/tikz
/libraries\tikzlibraryplotmarks.code.tex
File: tikzlibraryplotmarks.code.tex 2019/05/09 v3.1.3 (3.1.3)

(C:\Users\Vickram\AppData\Roaming\MiKTeX\2.9\tex/generic/pgf/libraries\pgflibra
ryplotmarks.code.tex
File: pgflibraryplotmarks.code.tex 2019/05/09 v3.1.3 (3.1.3)
)))
(C:\Users\Vickram\AppData\Roaming\MiKTeX\2.9\tex/latex/anyfontsize\anyfontsize.
sty
Package: anyfontsize 2007/11/22 anyfontsize.sty by pts
) ("C:\Program Files\MiKTeX 2.9\tex/latex/tools\calc.sty"
Package: calc 2017/05/25 v4.3 Infix arithmetic (KKT,FJ)
\calc@Acount=\count143
\calc@Bcount=\count144
\calc@Adimen=\dimen189
\calc@Bdimen=\dimen190
\calc@Askip=\skip52
\calc@Bskip=\skip53
LaTeX Info: Redefining \setlength on input line 80.
LaTeX Info: Redefining \addtolength on input line 81.
\calc@Ccount=\count145
\calc@Cskip=\skip54
)
(C:\Users\Vickram\AppData\Roaming\MiKTeX\2.9\tex/latex/braket\braket.sty)
(C:\Users\Vickram\AppData\Roaming\MiKTeX\2.9\tex/latex/lipsum\lipsum.sty
("C:\Program Files\MiKTeX 2.9\tex/latex/l3kernel\expl3.sty"
Package: expl3 2019-01-28 L3 programming layer (loader) 

("C:\Program Files\MiKTeX 2.9\tex/latex/l3kernel\expl3-code.tex"
Package: expl3 2019-01-28 L3 programming layer (code)
\c_max_int=\count146
\l_tmpa_int=\count147
\l_tmpb_int=\count148
\g_tmpa_int=\count149
\g_tmpb_int=\count150
\g__kernel_prg_map_int=\count151
\c_log_iow=\count152
\l_iow_line_count_int=\count153
\l__iow_line_target_int=\count154
\l__iow_one_indent_int=\count155
\l__iow_indent_int=\count156
\c_zero_dim=\dimen191
\c_max_dim=\dimen192
\l_tmpa_dim=\dimen193
\l_tmpb_dim=\dimen194
\g_tmpa_dim=\dimen195
\g_tmpb_dim=\dimen196
\c_zero_skip=\skip55
\c_max_skip=\skip56
\l_tmpa_skip=\skip57
\l_tmpb_skip=\skip58
\g_tmpa_skip=\skip59
\g_tmpb_skip=\skip60
\c_zero_muskip=\muskip12
\c_max_muskip=\muskip13
\l_tmpa_muskip=\muskip14
\l_tmpb_muskip=\muskip15
\g_tmpa_muskip=\muskip16
\g_tmpb_muskip=\muskip17
\l_keys_choice_int=\count157
\l__intarray_loop_int=\count158
\c__intarray_sp_dim=\dimen197
\g__intarray_font_int=\count159
\c__fp_leading_shift_int=\count160
\c__fp_middle_shift_int=\count161
\c__fp_trailing_shift_int=\count162
\c__fp_big_leading_shift_int=\count163
\c__fp_big_middle_shift_int=\count164
\c__fp_big_trailing_shift_int=\count165
\c__fp_Bigg_leading_shift_int=\count166
\c__fp_Bigg_middle_shift_int=\count167
\c__fp_Bigg_trailing_shift_int=\count168
\c__kernel_randint_max_int=\count169
\g__fp_array_int=\count170
\l__fp_array_loop_int=\count171
\l__sort_length_int=\count172
\l__sort_min_int=\count173
\l__sort_top_int=\count174
\l__sort_max_int=\count175
\l__sort_true_max_int=\count176
\l__sort_block_int=\count177
\l__sort_begin_int=\count178
\l__sort_end_int=\count179
\l__sort_A_int=\count180
\l__sort_B_int=\count181
\l__sort_C_int=\count182
\l__tl_analysis_normal_int=\count183
\l__tl_analysis_index_int=\count184
\l__tl_analysis_nesting_int=\count185
\l__tl_analysis_type_int=\count186
\l__regex_internal_a_int=\count187
\l__regex_internal_b_int=\count188
\l__regex_internal_c_int=\count189
\l__regex_balance_int=\count190
\l__regex_group_level_int=\count191
\l__regex_mode_int=\count192
\c__regex_cs_in_class_mode_int=\count193
\c__regex_cs_mode_int=\count194
\l__regex_catcodes_int=\count195
\l__regex_default_catcodes_int=\count196
\c__regex_catcode_D_int=\count197
\c__regex_catcode_S_int=\count198
\c__regex_catcode_L_int=\count199
\c__regex_catcode_O_int=\count266
\c__regex_catcode_A_int=\count267
\c__regex_all_catcodes_int=\count268
\l__regex_show_lines_int=\count269
\l__regex_min_state_int=\count270
\l__regex_max_state_int=\count271
\l__regex_left_state_int=\count272
\l__regex_right_state_int=\count273
\l__regex_capturing_group_int=\count274
\l__regex_min_pos_int=\count275
\l__regex_max_pos_int=\count276
\l__regex_curr_pos_int=\count277
\l__regex_start_pos_int=\count278
\l__regex_success_pos_int=\count279
\l__regex_curr_char_int=\count280
\l__regex_curr_catcode_int=\count281
\l__regex_last_char_int=\count282
\l__regex_case_changed_char_int=\count283
\l__regex_curr_state_int=\count284
\l__regex_step_int=\count285
\l__regex_min_active_int=\count286
\l__regex_max_active_int=\count287
\l__regex_replacement_csnames_int=\count288
\l__regex_match_count_int=\count289
\l__regex_min_submatch_int=\count290
\l__regex_submatch_int=\count291
\l__regex_zeroth_submatch_int=\count292
\g__regex_trace_regex_int=\count293
\c_empty_box=\box56
\l_tmpa_box=\box57
\l_tmpb_box=\box58
\g_tmpa_box=\box59
\g_tmpb_box=\box60
\l__box_top_dim=\dimen198
\l__box_bottom_dim=\dimen199
\l__box_left_dim=\dimen256
\l__box_right_dim=\dimen257
\l__box_top_new_dim=\dimen258
\l__box_bottom_new_dim=\dimen259
\l__box_left_new_dim=\dimen260
\l__box_right_new_dim=\dimen261
\l__box_internal_box=\box61
\l__coffin_internal_box=\box62
\l__coffin_internal_dim=\dimen262
\l__coffin_offset_x_dim=\dimen263
\l__coffin_offset_y_dim=\dimen264
\l__coffin_x_dim=\dimen265
\l__coffin_y_dim=\dimen266
\l__coffin_x_prime_dim=\dimen267
\l__coffin_y_prime_dim=\dimen268
\c_empty_coffin=\box63
\l__coffin_aligned_coffin=\box64
\l__coffin_aligned_internal_coffin=\box65
\l_tmpa_coffin=\box66
\l_tmpb_coffin=\box67
\g_tmpa_coffin=\box68
\g_tmpb_coffin=\box69
\c__coffin_empty_coffin=\box70
\l__coffin_display_coffin=\box71
\l__coffin_display_coord_coffin=\box72
\l__coffin_display_pole_coffin=\box73
\l__coffin_display_offset_dim=\dimen269
\l__coffin_display_x_dim=\dimen270
\l__coffin_display_y_dim=\dimen271
\g__file_internal_ior=\read2
\l__coffin_bounding_shift_dim=\dimen272
\l__coffin_left_corner_dim=\dimen273
\l__coffin_right_corner_dim=\dimen274
\l__coffin_bottom_corner_dim=\dimen275
\l__coffin_top_corner_dim=\dimen276
\l__coffin_scaled_total_height_dim=\dimen277
\l__coffin_scaled_width_dim=\dimen278
\l__seq_internal_a_int=\count294
\l__seq_internal_b_int=\count295
)
("C:\Program Files\MiKTeX 2.9\tex/latex/l3kernel\l3pdfmode.def"
File: l3pdfmode.def 2019-01-28 v L3 Experimental driver: PDF mode
\l__driver_color_stack_int=\count296
))
(C:\Users\Vickram\AppData\Roaming\MiKTeX\2.9\tex/latex/l3packages/xparse\xparse
.sty
Package: xparse 2018-10-17 L3 Experimental document command parser
\l__xparse_current_arg_int=\count297
\g__xparse_grabber_int=\count298
\l__xparse_m_args_int=\count299
\l__xparse_mandatory_args_int=\count300
\l__xparse_v_nesting_int=\count301
)
Package: lipsum 2019/01/02 v2.2 150 paragraphs of Lorem Ipsum dummy text

(C:\Users\Vickram\AppData\Roaming\MiKTeX\2.9\tex/latex/lipsum\lipsum.ltd.tex
File: lipsum.ltd.tex 2019/01/02 v2.2 The Lorem ipsum dummy text
))
(C:\Users\Vickram\AppData\Roaming\MiKTeX\2.9\tex/latex/wrapfig\wrapfig.sty
\wrapoverhang=\dimen279
\WF@size=\dimen280
\c@WF@wrappedlines=\count302
\WF@box=\box74
\WF@everypar=\toks44
Package: wrapfig 2003/01/31  v 3.6
)
("C:\Program Files\MiKTeX 2.9\tex/latex/geometry\geometry.sty"
Package: geometry 2018/04/16 v5.8 Page Geometry

("C:\Program Files\MiKTeX 2.9\tex/generic/oberdiek\ifpdf.sty"
Package: ifpdf 2018/09/07 v3.3 Provides the ifpdf switch
)
("C:\Program Files\MiKTeX 2.9\tex/generic/oberdiek\ifvtex.sty"
Package: ifvtex 2016/05/16 v1.6 Detect VTeX and its facilities (HO)
Package ifvtex Info: VTeX not detected.
)
("C:\Program Files\MiKTeX 2.9\tex/generic/ifxetex\ifxetex.sty"
Package: ifxetex 2010/09/12 v0.6 Provides ifxetex conditional
)
\Gm@cnth=\count303
\Gm@cntv=\count304
\c@Gm@tempcnt=\count305
\Gm@bindingoffset=\dimen281
\Gm@wd@mp=\dimen282
\Gm@odd@mp=\dimen283
\Gm@even@mp=\dimen284
\Gm@layoutwidth=\dimen285
\Gm@layoutheight=\dimen286
\Gm@layouthoffset=\dimen287
\Gm@layoutvoffset=\dimen288
\Gm@dimlist=\toks45

("C:\Program Files\MiKTeX 2.9\tex/latex/geometry\geometry.cfg"))
(C:\Users\Vickram\AppData\Roaming\MiKTeX\2.9\tex/latex/pdfpages\pdfpages.sty
Package: pdfpages 2017/10/31 v0.5l Insert pages of external PDF documents (AM)

("C:\Program Files\MiKTeX 2.9\tex/latex/base\ifthen.sty"
Package: ifthen 2014/09/29 v1.1c Standard LaTeX ifthen package (DPC)
)
(C:\Users\Vickram\AppData\Roaming\MiKTeX\2.9\tex/latex/eso-pic\eso-pic.sty
Package: eso-pic 2018/04/12 v2.0h eso-pic (RN)

("C:\Program Files\MiKTeX 2.9\tex/generic/oberdiek\atbegshi.sty"
Package: atbegshi 2016/06/09 v1.18 At begin shipout hook (HO)

("C:\Program Files\MiKTeX 2.9\tex/generic/oberdiek\infwarerr.sty"
Package: infwarerr 2016/05/16 v1.4 Providing info/warning/error messages (HO)
)
("C:\Program Files\MiKTeX 2.9\tex/generic/oberdiek\ltxcmds.sty"
Package: ltxcmds 2016/05/16 v1.23 LaTeX kernel commands for general use (HO)
)))
\AM@pagewidth=\dimen289
\AM@pageheight=\dimen290

(C:\Users\Vickram\AppData\Roaming\MiKTeX\2.9\tex/latex/pdfpages\pppdftex.def
File: pppdftex.def 2017/10/31 v0.5l Pdfpages driver for pdfTeX (AM)
)
\AM@pagebox=\box75
\AM@global@opts=\toks46
\AM@toc@title=\toks47
\c@AM@survey=\count306
\AM@templatesizebox=\box76
)
(C:\Users\Vickram\AppData\Roaming\MiKTeX\2.9\tex/latex/fancyhdr\fancyhdr.sty
Package: fancyhdr 2019/01/31 v3.10 Extensive control of page headers and footer
s
\f@nch@headwidth=\skip61
\f@nch@O@elh=\skip62
\f@nch@O@erh=\skip63
\f@nch@O@olh=\skip64
\f@nch@O@orh=\skip65
\f@nch@O@elf=\skip66
\f@nch@O@erf=\skip67
\f@nch@O@olf=\skip68
\f@nch@O@orf=\skip69
)
(C:\Users\Vickram\AppData\Roaming\MiKTeX\2.9\tex/latex/chngcntr\chngcntr.sty
Package: chngcntr 2018/04/09 v1.1a change counter resetting
Package chngcntr Info: \counterwithout already defined.
(chngcntr)             Quitting chngcntr on input line 21.
)
(C:\Users\Vickram\AppData\Roaming\MiKTeX\2.9\tex/generic/pgf/frontendlayer/tikz
/libraries\tikzlibraryarrows.code.tex
File: tikzlibraryarrows.code.tex 2019/05/09 v3.1.3 (3.1.3)

(C:\Users\Vickram\AppData\Roaming\MiKTeX\2.9\tex/generic/pgf/libraries\pgflibra
ryarrows.code.tex
File: pgflibraryarrows.code.tex 2019/05/09 v3.1.3 (3.1.3)
\arrowsize=\dimen291
))
(C:\Users\Vickram\AppData\Roaming\MiKTeX\2.9\tex/generic/pgf/frontendlayer/tikz
/libraries\tikzlibrarycalc.code.tex
File: tikzlibrarycalc.code.tex 2019/05/09 v3.1.3 (3.1.3)
)
Class revtex4-1 Info: Patching LaTeX tabular. on input line 82.
Class revtex4-1 Info: Robustifying \LaTeX's \boldmath command on input line 82.

Class revtex4-1 Info: cite was not loaded (OK!) on input line 82.
Class revtex4-1 Info: mcite was not loaded (OK!) on input line 82.
Class revtex4-1 Info: multicol was not loaded (OK!) on input line 82.
 (main.aux)
\openout1 = `main.aux'.

LaTeX Font Info:    Checking defaults for OML/cmm/m/it on input line 82.
LaTeX Font Info:    ... okay on input line 82.
LaTeX Font Info:    Checking defaults for T1/cmr/m/n on input line 82.
LaTeX Font Info:    ... okay on input line 82.
LaTeX Font Info:    Checking defaults for OT1/cmr/m/n on input line 82.
LaTeX Font Info:    ... okay on input line 82.
LaTeX Font Info:    Checking defaults for OMS/cmsy/m/n on input line 82.
LaTeX Font Info:    ... okay on input line 82.
LaTeX Font Info:    Checking defaults for OMX/cmex/m/n on input line 82.
LaTeX Font Info:    ... okay on input line 82.
LaTeX Font Info:    Checking defaults for U/cmr/m/n on input line 82.
LaTeX Font Info:    ... okay on input line 82.

(C:\Users\Vickram\AppData\Roaming\MiKTeX\2.9\tex/context/base\supp-pdf.mkii
[Loading MPS to PDF converter (version 2006.09.02).]
\scratchcounter=\count307
\scratchdimen=\dimen292
\scratchbox=\box77
\nofMPsegments=\count308
\nofMParguments=\count309
\everyMPshowfont=\toks48
\MPscratchCnt=\count310
\MPscratchDim=\dimen293
\MPnumerator=\count311
\makeMPintoPDFobject=\count312
\everyMPtoPDFconversion=\toks49
) ("C:\Program Files\MiKTeX 2.9\tex/latex/oberdiek\epstopdf-base.sty"
Package: epstopdf-base 2016/05/15 v2.6 Base part for package epstopdf

("C:\Program Files\MiKTeX 2.9\tex/latex/oberdiek\grfext.sty"
Package: grfext 2016/05/16 v1.2 Manage graphics extensions (HO)

("C:\Program Files\MiKTeX 2.9\tex/generic/oberdiek\kvdefinekeys.sty"
Package: kvdefinekeys 2016/05/16 v1.4 Define keys (HO)
))
("C:\Program Files\MiKTeX 2.9\tex/latex/oberdiek\kvoptions.sty"
Package: kvoptions 2016/05/16 v3.12 Key value format for package options (HO)

("C:\Program Files\MiKTeX 2.9\tex/generic/oberdiek\kvsetkeys.sty"
Package: kvsetkeys 2016/05/16 v1.17 Key value parser (HO)

("C:\Program Files\MiKTeX 2.9\tex/generic/oberdiek\etexcmds.sty"
Package: etexcmds 2016/05/16 v1.6 Avoid name clashes with e-TeX commands (HO)

("C:\Program Files\MiKTeX 2.9\tex/generic/oberdiek\ifluatex.sty"
Package: ifluatex 2016/05/16 v1.4 Provides the ifluatex switch (HO)
Package ifluatex Info: LuaTeX not detected.
))))
("C:\Program Files\MiKTeX 2.9\tex/generic/oberdiek\pdftexcmds.sty"
Package: pdftexcmds 2018/09/10 v0.29 Utility functions of pdfTeX for LuaTeX (HO
)
Package pdftexcmds Info: LuaTeX not detected.
Package pdftexcmds Info: \pdf@primitive is available.
Package pdftexcmds Info: \pdf@ifprimitive is available.
Package pdftexcmds Info: \pdfdraftmode found.
)
Package epstopdf-base Info: Redefining graphics rule for `.eps' on input line 4
38.
Package grfext Info: Graphics extension search list:
(grfext)             [.pdf,.png,.jpg,.mps,.jpeg,.jbig2,.jb2,.PDF,.PNG,.JPG,.JPE
G,.JBIG2,.JB2,.eps]
(grfext)             \AppendGraphicsExtensions on input line 456.
)
ABD: EveryShipout initializing macros
Package pgfplots notification 'compat/show suggested version=true': document ha
s been generated with the most recent feature set (\pgfplotsset{compat=1.16}).

*geometry* driver: auto-detecting
*geometry* detected driver: pdftex
*geometry* verbose mode - [ preamble ] result:
* driver: pdftex
* paper: <default>
* layout: <same size as paper>
* layoutoffset:(h,v)=(0.0pt,0.0pt)
* modes: 
* h-part:(L,W,R)=(54.2025pt, 505.89pt, 54.2025pt)
* v-part:(T,H,B)=(54.2025pt, 686.56499pt, 54.2025pt)
* \paperwidth=614.295pt
* \paperheight=794.96999pt
* \textwidth=505.89pt
* \textheight=686.56499pt
* \oddsidemargin=-18.06749pt
* \evensidemargin=-18.06749pt
* \topmargin=-59.06749pt
* \headheight=13.6pt
* \headsep=16.0pt
* \topskip=10.0pt
* \footskip=30.0pt
* \marginparwidth=30.0pt
* \marginparsep=6.0pt
* \columnsep=18.0pt
* \skip\footins=39.0pt plus 4.0pt minus 12.0pt
* \hoffset=0.0pt
* \voffset=0.0pt
* \mag=1000
* \@twocolumnfalse
* \@twosidefalse
* \@mparswitchfalse
* \@reversemarginfalse
* (1in=72.27pt=25.4mm, 1cm=28.453pt)

\AtBeginShipoutBox=\box78
("C:\Program Files\MiKTeX 2.9\tex/latex/oberdiek\pdflscape.sty"
Package: pdflscape 2016/05/14 v0.11 Display of landscape pages in PDF (HO)

("C:\Program Files\MiKTeX 2.9\tex/latex/graphics\lscape.sty"
Package: lscape 2000/10/22 v3.01 Landscape Pages (DPC)
)
Package pdflscape Info: Auto-detected driver: pdftex on input line 81.
)
\openout3 = `mainNotes.bib'.

LaTeX Font Info:    Try loading font information for U+msa on input line 100.

("C:\Program Files\MiKTeX 2.9\tex/latex/amsfonts\umsa.fd"
File: umsa.fd 2013/01/14 v3.01 AMS symbols A
)
LaTeX Font Info:    Try loading font information for U+msb on input line 100.

("C:\Program Files\MiKTeX 2.9\tex/latex/amsfonts\umsb.fd"
File: umsb.fd 2013/01/14 v3.01 AMS symbols B
)
<5_qubit_crop.png, id=4, 1247.41031pt x 508.90125pt>
File: 5_qubit_crop.png Graphic file (type png)
<use 5_qubit_crop.png>
Package pdftex.def Info: 5_qubit_crop.png  used on input line 144.
(pdftex.def)             Requested size: 505.89pt x 206.38342pt.
<steane_crop.png, id=6, 1221.06187pt x 499.8675pt>
File: steane_crop.png Graphic file (type png)
<use steane_crop.png>
Package pdftex.def Info: steane_crop.png  used on input line 151.
(pdftex.def)             Requested size: 505.89pt x 207.09792pt.

No file main.bbl.

Class revtex4-1 Warning: Command \address is obsolete;
Use \affiliation instead.

[1{C:/Users/Vickram/AppData/Local/MiKTeX/2.9/pdftex/config/pdftex.map}]
[2 <./5_qubit_crop.png> <./steane_crop.png>] (main.aux) ) 
Here is how much of TeX's memory you used:
 36657 strings out of 492946
 847701 string characters out of 3135522
 1100565 words of memory out of 3000000
 40018 multiletter control sequences out of 15000+200000
 544022 words of font info for 53 fonts, out of 3000000 for 9000
 1141 hyphenation exceptions out of 8191
 78i,11n,136p,727b,609s stack positions out of 5000i,500n,10000p,200000b,50000s
 <C:\Users\Vickram\App
Data\Local\MiKTeX\2.9\fonts/pk/ljfour/jknappen/ec/dpi600\ecsl1000.pk> <C:\Users
\Vickram\AppData\Local\MiKTeX\2.9\fonts/pk/ljfour/jknappen/ec/dpi600\ecbx0900.p
k> <C:\Users\Vickram\AppData\Local\MiKTeX\2.9\fonts/pk/ljfour/jknappen/ec/dpi60
0\ecrm0900.pk> <C:\Users\Vickram\AppData\Local\MiKTeX\2.9\fonts/pk/ljfour/jknap
pen/ec/dpi600\ecti0900.pk> <C:\Users\Vickram\AppData\Local\MiKTeX\2.9\fonts/pk/
ljfour/jknappen/ec/dpi600\ecrm0600.pk> <C:\Users\Vickram\AppData\Local\MiKTeX\2
.9\fonts/pk/ljfour/jknappen/ec/dpi600\ecrm0700.pk> <C:\Users\Vickram\AppData\Lo
cal\MiKTeX\2.9\fonts/pk/ljfour/jknappen/ec/dpi600\ecrm1000.pk> <C:\Users\Vickra
m\AppData\Local\MiKTeX\2.9\fonts/pk/ljfour/jknappen/ec/dpi600\ecbx1200.pk><C:/P
rogram Files/MiKTeX 2.9/fonts/type1/public/amsfonts/cm/cmmi10.pfb><C:/Program F
iles/MiKTeX 2.9/fonts/type1/public/amsfonts/cm/cmmi5.pfb><C:/Program Files/MiKT
eX 2.9/fonts/type1/public/amsfonts/cm/cmmi6.pfb><C:/Program Files/MiKTeX 2.9/fo
nts/type1/public/amsfonts/cm/cmmi7.pfb><C:/Program Files/MiKTeX 2.9/fonts/type1
/public/amsfonts/cm/cmmi9.pfb><C:/Program Files/MiKTeX 2.9/fonts/type1/public/a
msfonts/cm/cmr10.pfb><C:/Program Files/MiKTeX 2.9/fonts/type1/public/amsfonts/c
m/cmr5.pfb><C:/Program Files/MiKTeX 2.9/fonts/type1/public/amsfonts/cm/cmr7.pfb
><C:/Program Files/MiKTeX 2.9/fonts/type1/public/amsfonts/cm/cmsy10.pfb><C:/Pro
gram Files/MiKTeX 2.9/fonts/type1/public/amsfonts/cm/cmsy5.pfb><C:/Program File
s/MiKTeX 2.9/fonts/type1/public/amsfonts/cm/cmsy7.pfb><C:/Program Files/MiKTeX 
2.9/fonts/type1/public/amsfonts/cm/cmsy9.pfb>
Output written on main.pdf (2 pages, 477573 bytes).
PDF statistics:
 303 PDF objects out of 1000 (max. 8388607)
 0 named destinations out of 1000 (max. 500000)
 23 words of extra memory for PDF output out of 10000 (max. 10000000)

